# JRE version: Java(TM) SE Runtime Environment (8.0_144-b01) (build 1.8.0_144-b01)
# Java VM: Java HotSpot(TM) Client VM (25.144-b01 mixed mode windows-x86 )
Heap:
 def new generation   total 39424K, used 32504K [0x07000000, 0x09ac0000, 0x11aa0000)
  eden space 35072K,  91% used [0x07000000, 0x08f5a410, 0x09240000)
  from space 4352K,   9% used [0x09240000, 0x092a3ef8, 0x09680000)
  to   space 4352K,   0% used [0x09680000, 0x09680000, 0x09ac0000)
 tenured generation   total 87424K, used 42687K [0x11aa0000, 0x17000000, 0x27000000)
   the space 87424K,  48% used [0x11aa0000, 0x1444fe88, 0x14450000, 0x17000000)
 Metaspace       used 19311K, capacity 19792K, committed 20096K, reserved 20864K
GC Heap History (10 events):
Event: 1208.844 GC heap before
{Heap before GC invocations=174 (full 2):
 def new generation   total 39424K, used 35075K [0x07000000, 0x09ac0000, 0x11aa0000)
  eden space 35072K, 100% used [0x07000000, 0x09240000, 0x09240000)
  from space 4352K,   0% used [0x09680000, 0x09680f78, 0x09ac0000)
  to   space 4352K,   0% used [0x09240000, 0x09240000, 0x09680000)
 tenured generation   total 87424K, used 42687K [0x11aa0000, 0x17000000, 0x27000000)
   the space 87424K,  48% used [0x11aa0000, 0x1444fe88, 0x14450000, 0x17000000)
 Metaspace       used 19311K, capacity 19792K, committed 20096K, reserved 20864K
Event: 1208.845 GC heap after
Heap after GC invocations=175 (full 2):
 def new generation   total 39424K, used 2K [0x07000000, 0x09ac0000, 0x11aa0000)
  eden space 35072K,   0% used [0x07000000, 0x07000000, 0x09240000)
  from space 4352K,   0% used [0x09240000, 0x09240930, 0x09680000)
  to   space 4352K,   0% used [0x09680000, 0x09680000, 0x09ac0000)
 tenured generation   total 87424K, used 42687K [0x11aa0000, 0x17000000, 0x27000000)
   the space 87424K,  48% used [0x11aa0000, 0x1444fe88, 0x14450000, 0x17000000)
 Metaspace       used 19311K, capacity 19792K, committed 20096K, reserved 20864K
}
Event: 1212.245 GC heap before
{Heap before GC invocations=175 (full 2):
 def new generation   total 39424K, used 35074K [0x07000000, 0x09ac0000, 0x11aa0000)
  eden space 35072K, 100% used [0x07000000, 0x09240000, 0x09240000)
  from space 4352K,   0% used [0x09240000, 0x09240930, 0x09680000)
  to   space 4352K,   0% used [0x09680000, 0x09680000, 0x09ac0000)
 tenured generation   total 87424K, used 42687K [0x11aa0000, 0x17000000, 0x27000000)
   the space 87424K,  48% used [0x11aa0000, 0x1444fe88, 0x14450000, 0x17000000)
 Metaspace       used 19311K, capacity 19792K, committed 20096K, reserved 20864K
Event: 1212.247 GC heap after
Heap after GC invocations=176 (full 2):
 def new generation   total 39424K, used 2K [0x07000000, 0x09ac0000, 0x11aa0000)
  eden space 35072K,   0% used [0x07000000, 0x07000000, 0x09240000)
  from space 4352K,   0% used [0x09680000, 0x09680930, 0x09ac0000)
  to   space 4352K,   0% used [0x09240000, 0x09240000, 0x09680000)
 tenured generation   total 87424K, used 42687K [0x11aa0000, 0x17000000, 0x27000000)
   the space 87424K,  48% used [0x11aa0000, 0x1444fe88, 0x14450000, 0x17000000)
 Metaspace       used 19311K, capacity 19792K, committed 20096K, reserved 20864K
}
Event: 1215.639 GC heap before
{Heap before GC invocations=176 (full 2):
 def new generation   total 39424K, used 35074K [0x07000000, 0x09ac0000, 0x11aa0000)
  eden space 35072K, 100% used [0x07000000, 0x09240000, 0x09240000)
  from space 4352K,   0% used [0x09680000, 0x09680930, 0x09ac0000)
  to   space 4352K,   0% used [0x09240000, 0x09240000, 0x09680000)
 tenured generation   total 87424K, used 42687K [0x11aa0000, 0x17000000, 0x27000000)
   the space 87424K,  48% used [0x11aa0000, 0x1444fe88, 0x14450000, 0x17000000)
 Metaspace       used 19311K, capacity 19792K, committed 20096K, reserved 20864K
Event: 1215.640 GC heap after
Heap after GC invocations=177 (full 2):
 def new generation   total 39424K, used 2K [0x07000000, 0x09ac0000, 0x11aa0000)
  eden space 35072K,   0% used [0x07000000, 0x07000000, 0x09240000)
  from space 4352K,   0% used [0x09240000, 0x09240940, 0x09680000)
  to   space 4352K,   0% used [0x09680000, 0x09680000, 0x09ac0000)
 tenured generation   total 87424K, used 42687K [0x11aa0000, 0x17000000, 0x27000000)
   the space 87424K,  48% used [0x11aa0000, 0x1444fe88, 0x14450000, 0x17000000)
 Metaspace       used 19311K, capacity 19792K, committed 20096K, reserved 20864K
}
Event: 1219.067 GC heap before
{Heap before GC invocations=177 (full 2):
 def new generation   total 39424K, used 35074K [0x07000000, 0x09ac0000, 0x11aa0000)
  eden space 35072K, 100% used [0x07000000, 0x09240000, 0x09240000)
  from space 4352K,   0% used [0x09240000, 0x09240940, 0x09680000)
  to   space 4352K,   0% used [0x09680000, 0x09680000, 0x09ac0000)
 tenured generation   total 87424K, used 42687K [0x11aa0000, 0x17000000, 0x27000000)
   the space 87424K,  48% used [0x11aa0000, 0x1444fe88, 0x14450000, 0x17000000)
 Metaspace       used 19311K, capacity 19792K, committed 20096K, reserved 20864K
Event: 1219.068 GC heap after
Heap after GC invocations=178 (full 2):
 def new generation   total 39424K, used 2K [0x07000000, 0x09ac0000, 0x11aa0000)
  eden space 35072K,   0% used [0x07000000, 0x07000000, 0x09240000)
  from space 4352K,   0% used [0x09680000, 0x09680940, 0x09ac0000)
  to   space 4352K,   0% used [0x09240000, 0x09240000, 0x09680000)
 tenured generation   total 87424K, used 42687K [0x11aa0000, 0x17000000, 0x27000000)
   the space 87424K,  48% used [0x11aa0000, 0x1444fe88, 0x14450000, 0x17000000)
 Metaspace       used 19311K, capacity 19792K, committed 20096K, reserved 20864K
}
Event: 1225.349 GC heap before
{Heap before GC invocations=178 (full 2):
 def new generation   total 39424K, used 32420K [0x07000000, 0x09ac0000, 0x11aa0000)
  eden space 35072K,  92% used [0x07000000, 0x08fa88b0, 0x09240000)
  from space 4352K,   0% used [0x09680000, 0x09680940, 0x09ac0000)
  to   space 4352K,   0% used [0x09240000, 0x09240000, 0x09680000)
 tenured generation   total 87424K, used 42687K [0x11aa0000, 0x17000000, 0x27000000)
   the space 87424K,  48% used [0x11aa0000, 0x1444fe88, 0x14450000, 0x17000000)
 Metaspace       used 19311K, capacity 19792K, committed 20096K, reserved 20864K
Event: 1225.351 GC heap after
Heap after GC invocations=179 (full 2):
 def new generation   total 39424K, used 399K [0x07000000, 0x09ac0000, 0x11aa0000)
  eden space 35072K,   0% used [0x07000000, 0x07000000, 0x09240000)
  from space 4352K,   9% used [0x09240000, 0x092a3ef8, 0x09680000)
  to   space 4352K,   0% used [0x09680000, 0x09680000, 0x09ac0000)
 tenured generation   total 87424K, used 42687K [0x11aa0000, 0x17000000, 0x27000000)
   the space 87424K,  48% used [0x11aa0000, 0x1444fe88, 0x14450000, 0x17000000)
 Metaspace       used 19311K, capacity 19792K, committed 20096K, reserved 20864K
}

