# JRE version: Java(TM) SE Runtime Environment (8.0_144-b01) (build 1.8.0_144-b01)
# Java VM: Java HotSpot(TM) Client VM (25.144-b01 mixed mode windows-x86 )
Heap:
 def new generation   total 39424K, used 5328K [0x07400000, 0x09ec0000, 0x11ea0000)
  eden space 35072K,  12% used [0x07400000, 0x0785ce48, 0x09640000)
  from space 4352K,  19% used [0x09640000, 0x097172c0, 0x09a80000)
  to   space 4352K,   0% used [0x09a80000, 0x09a80000, 0x09ec0000)
 tenured generation   total 87424K, used 35838K [0x11ea0000, 0x17400000, 0x27400000)
   the space 87424K,  40% used [0x11ea0000, 0x1419f888, 0x1419fa00, 0x17400000)
 Metaspace       used 19134K, capacity 19683K, committed 19712K, reserved 19840K
GC Heap History (10 events):
Event: 17.125 GC heap before
{Heap before GC invocations=4 (full 1):
 def new generation   total 39424K, used 39424K [0x07400000, 0x09ec0000, 0x11ea0000)
  eden space 35072K, 100% used [0x07400000, 0x09640000, 0x09640000)
  from space 4352K, 100% used [0x09a80000, 0x09ec0000, 0x09ec0000)
  to   space 4352K,   0% used [0x09640000, 0x09640000, 0x09a80000)
 tenured generation   total 87424K, used 18785K [0x11ea0000, 0x17400000, 0x27400000)
   the space 87424K,  21% used [0x11ea0000, 0x130f8560, 0x130f8600, 0x17400000)
 Metaspace       used 18010K, capacity 18506K, committed 18560K, reserved 18816K
Event: 17.140 GC heap after
Heap after GC invocations=5 (full 1):
 def new generation   total 39424K, used 4352K [0x07400000, 0x09ec0000, 0x11ea0000)
  eden space 35072K,   0% used [0x07400000, 0x07400000, 0x09640000)
  from space 4352K, 100% used [0x09640000, 0x09a80000, 0x09a80000)
  to   space 4352K,   0% used [0x09a80000, 0x09a80000, 0x09ec0000)
 tenured generation   total 87424K, used 29947K [0x11ea0000, 0x17400000, 0x27400000)
   the space 87424K,  34% used [0x11ea0000, 0x13bdee08, 0x13bdf000, 0x17400000)
 Metaspace       used 18010K, capacity 18506K, committed 18560K, reserved 18816K
}
Event: 75.552 GC heap before
{Heap before GC invocations=5 (full 1):
 def new generation   total 39424K, used 39424K [0x07400000, 0x09ec0000, 0x11ea0000)
  eden space 35072K, 100% used [0x07400000, 0x09640000, 0x09640000)
  from space 4352K, 100% used [0x09640000, 0x09a80000, 0x09a80000)
  to   space 4352K,   0% used [0x09a80000, 0x09a80000, 0x09ec0000)
 tenured generation   total 87424K, used 29947K [0x11ea0000, 0x17400000, 0x27400000)
   the space 87424K,  34% used [0x11ea0000, 0x13bdee08, 0x13bdf000, 0x17400000)
 Metaspace       used 18734K, capacity 19269K, committed 19328K, reserved 19840K
Event: 75.562 GC heap after
Heap after GC invocations=6 (full 1):
 def new generation   total 39424K, used 1977K [0x07400000, 0x09ec0000, 0x11ea0000)
  eden space 35072K,   0% used [0x07400000, 0x07400000, 0x09640000)
  from space 4352K,  45% used [0x09a80000, 0x09c6e5b8, 0x09ec0000)
  to   space 4352K,   0% used [0x09640000, 0x09640000, 0x09a80000)
 tenured generation   total 87424K, used 33131K [0x11ea0000, 0x17400000, 0x27400000)
   the space 87424K,  37% used [0x11ea0000, 0x13efac70, 0x13efae00, 0x17400000)
 Metaspace       used 18734K, capacity 19269K, committed 19328K, reserved 19840K
}
Event: 126.802 GC heap before
{Heap before GC invocations=6 (full 1):
 def new generation   total 39424K, used 37049K [0x07400000, 0x09ec0000, 0x11ea0000)
  eden space 35072K, 100% used [0x07400000, 0x09640000, 0x09640000)
  from space 4352K,  45% used [0x09a80000, 0x09c6e5b8, 0x09ec0000)
  to   space 4352K,   0% used [0x09640000, 0x09640000, 0x09a80000)
 tenured generation   total 87424K, used 33131K [0x11ea0000, 0x17400000, 0x27400000)
   the space 87424K,  37% used [0x11ea0000, 0x13efac70, 0x13efae00, 0x17400000)
 Metaspace       used 19040K, capacity 19580K, committed 19584K, reserved 19840K
Event: 126.808 GC heap after
Heap after GC invocations=7 (full 1):
 def new generation   total 39424K, used 2348K [0x07400000, 0x09ec0000, 0x11ea0000)
  eden space 35072K,   0% used [0x07400000, 0x07400000, 0x09640000)
  from space 4352K,  53% used [0x09640000, 0x0988b048, 0x09a80000)
  to   space 4352K,   0% used [0x09a80000, 0x09a80000, 0x09ec0000)
 tenured generation   total 87424K, used 33131K [0x11ea0000, 0x17400000, 0x27400000)
   the space 87424K,  37% used [0x11ea0000, 0x13efac70, 0x13efae00, 0x17400000)
 Metaspace       used 19040K, capacity 19580K, committed 19584K, reserved 19840K
}
Event: 144.304 GC heap before
{Heap before GC invocations=7 (full 1):
 def new generation   total 39424K, used 37420K [0x07400000, 0x09ec0000, 0x11ea0000)
  eden space 35072K, 100% used [0x07400000, 0x09640000, 0x09640000)
  from space 4352K,  53% used [0x09640000, 0x0988b048, 0x09a80000)
  to   space 4352K,   0% used [0x09a80000, 0x09a80000, 0x09ec0000)
 tenured generation   total 87424K, used 33131K [0x11ea0000, 0x17400000, 0x27400000)
   the space 87424K,  37% used [0x11ea0000, 0x13efac70, 0x13efae00, 0x17400000)
 Metaspace       used 19084K, capacity 19617K, committed 19712K, reserved 19840K
Event: 144.312 GC heap after
Heap after GC invocations=8 (full 1):
 def new generation   total 39424K, used 3430K [0x07400000, 0x09ec0000, 0x11ea0000)
  eden space 35072K,   0% used [0x07400000, 0x07400000, 0x09640000)
  from space 4352K,  78% used [0x09a80000, 0x09dd9ae0, 0x09ec0000)
  to   space 4352K,   0% used [0x09640000, 0x09640000, 0x09a80000)
 tenured generation   total 87424K, used 34574K [0x11ea0000, 0x17400000, 0x27400000)
   the space 87424K,  39% used [0x11ea0000, 0x14063980, 0x14063a00, 0x17400000)
 Metaspace       used 19084K, capacity 19617K, committed 19712K, reserved 19840K
}
Event: 204.032 GC heap before
{Heap before GC invocations=8 (full 1):
 def new generation   total 39424K, used 38031K [0x07400000, 0x09ec0000, 0x11ea0000)
  eden space 35072K,  98% used [0x07400000, 0x095ca2b8, 0x09640000)
  from space 4352K,  78% used [0x09a80000, 0x09dd9ae0, 0x09ec0000)
  to   space 4352K,   0% used [0x09640000, 0x09640000, 0x09a80000)
 tenured generation   total 87424K, used 34574K [0x11ea0000, 0x17400000, 0x27400000)
   the space 87424K,  39% used [0x11ea0000, 0x14063980, 0x14063a00, 0x17400000)
 Metaspace       used 19134K, capacity 19683K, committed 19712K, reserved 19840K
Event: 204.037 GC heap after
Heap after GC invocations=9 (full 1):
 def new generation   total 39424K, used 860K [0x07400000, 0x09ec0000, 0x11ea0000)
  eden space 35072K,   0% used [0x07400000, 0x07400000, 0x09640000)
  from space 4352K,  19% used [0x09640000, 0x097172c0, 0x09a80000)
  to   space 4352K,   0% used [0x09a80000, 0x09a80000, 0x09ec0000)
 tenured generation   total 87424K, used 35838K [0x11ea0000, 0x17400000, 0x27400000)
   the space 87424K,  40% used [0x11ea0000, 0x1419f888, 0x1419fa00, 0x17400000)
 Metaspace       used 19134K, capacity 19683K, committed 19712K, reserved 19840K
}

