# JRE version: Java(TM) SE Runtime Environment (8.0_144-b01) (build 1.8.0_144-b01)
# Java VM: Java HotSpot(TM) Client VM (25.144-b01 mixed mode windows-x86 )
Heap:
 def new generation   total 39424K, used 25117K [0x06600000, 0x090c0000, 0x110a0000)
  eden space 35072K,  68% used [0x06600000, 0x07d94628, 0x08840000)
  from space 4352K,  22% used [0x08c80000, 0x08d73158, 0x090c0000)
  to   space 4352K,   0% used [0x08840000, 0x08840000, 0x08c80000)
 tenured generation   total 87424K, used 46092K [0x110a0000, 0x16600000, 0x26600000)
   the space 87424K,  52% used [0x110a0000, 0x13da33c0, 0x13da3400, 0x16600000)
 Metaspace       used 19691K, capacity 20372K, committed 22144K, reserved 22912K
GC Heap History (10 events):
Event: 732.864 GC heap before
{Heap before GC invocations=218 (full 2):
 def new generation   total 39424K, used 32054K [0x06600000, 0x090c0000, 0x110a0000)
  eden space 35072K,  87% used [0x06600000, 0x08417890, 0x08840000)
  from space 4352K,  28% used [0x08840000, 0x08976300, 0x08c80000)
  to   space 4352K,   0% used [0x08c80000, 0x08c80000, 0x090c0000)
 tenured generation   total 87424K, used 84261K [0x110a0000, 0x16600000, 0x26600000)
   the space 87424K,  96% used [0x110a0000, 0x162e9718, 0x162e9800, 0x16600000)
 Metaspace       used 20612K, capacity 22017K, committed 22144K, reserved 22912K
Event: 732.867 GC heap after
Heap after GC invocations=219 (full 2):
 def new generation   total 39424K, used 1263K [0x06600000, 0x090c0000, 0x110a0000)
  eden space 35072K,   0% used [0x06600000, 0x06600000, 0x08840000)
  from space 4352K,  29% used [0x08c80000, 0x08dbbe48, 0x090c0000)
  to   space 4352K,   0% used [0x08840000, 0x08840000, 0x08c80000)
 tenured generation   total 87424K, used 84261K [0x110a0000, 0x16600000, 0x26600000)
   the space 87424K,  96% used [0x110a0000, 0x162e9718, 0x162e9800, 0x16600000)
 Metaspace       used 20612K, capacity 22017K, committed 22144K, reserved 22912K
}
Event: 753.967 GC heap before
{Heap before GC invocations=219 (full 2):
 def new generation   total 39424K, used 36335K [0x06600000, 0x090c0000, 0x110a0000)
  eden space 35072K, 100% used [0x06600000, 0x08840000, 0x08840000)
  from space 4352K,  29% used [0x08c80000, 0x08dbbe48, 0x090c0000)
  to   space 4352K,   0% used [0x08840000, 0x08840000, 0x08c80000)
 tenured generation   total 87424K, used 84261K [0x110a0000, 0x16600000, 0x26600000)
   the space 87424K,  96% used [0x110a0000, 0x162e9718, 0x162e9800, 0x16600000)
 Metaspace       used 20613K, capacity 22019K, committed 22144K, reserved 22912K
Event: 754.034 GC heap after
Heap after GC invocations=220 (full 3):
 def new generation   total 39424K, used 0K [0x06600000, 0x090c0000, 0x110a0000)
  eden space 35072K,   0% used [0x06600000, 0x06600000, 0x08840000)
  from space 4352K,   0% used [0x08840000, 0x08840000, 0x08c80000)
  to   space 4352K,   0% used [0x08c80000, 0x08c80000, 0x090c0000)
 tenured generation   total 87424K, used 38165K [0x110a0000, 0x16600000, 0x26600000)
   the space 87424K,  43% used [0x110a0000, 0x135e55b0, 0x135e5600, 0x16600000)
 Metaspace       used 19510K, capacity 20177K, committed 22144K, reserved 22912K
}
Event: 833.054 GC heap before
{Heap before GC invocations=220 (full 3):
 def new generation   total 39424K, used 33461K [0x06600000, 0x090c0000, 0x110a0000)
  eden space 35072K,  95% used [0x06600000, 0x086ad7a0, 0x08840000)
  from space 4352K,   0% used [0x08840000, 0x08840000, 0x08c80000)
  to   space 4352K,   0% used [0x08c80000, 0x08c80000, 0x090c0000)
 tenured generation   total 87424K, used 38165K [0x110a0000, 0x16600000, 0x26600000)
   the space 87424K,  43% used [0x110a0000, 0x135e55b0, 0x135e5600, 0x16600000)
 Metaspace       used 19510K, capacity 20177K, committed 22144K, reserved 22912K
Event: 833.057 GC heap after
Heap after GC invocations=221 (full 3):
 def new generation   total 39424K, used 665K [0x06600000, 0x090c0000, 0x110a0000)
  eden space 35072K,   0% used [0x06600000, 0x06600000, 0x08840000)
  from space 4352K,  15% used [0x08c80000, 0x08d26738, 0x090c0000)
  to   space 4352K,   0% used [0x08840000, 0x08840000, 0x08c80000)
 tenured generation   total 87424K, used 38165K [0x110a0000, 0x16600000, 0x26600000)
   the space 87424K,  43% used [0x110a0000, 0x135e55b0, 0x135e5600, 0x16600000)
 Metaspace       used 19510K, capacity 20177K, committed 22144K, reserved 22912K
}
Event: 981.774 GC heap before
{Heap before GC invocations=221 (full 3):
 def new generation   total 39424K, used 35737K [0x06600000, 0x090c0000, 0x110a0000)
  eden space 35072K, 100% used [0x06600000, 0x08840000, 0x08840000)
  from space 4352K,  15% used [0x08c80000, 0x08d26738, 0x090c0000)
  to   space 4352K,   0% used [0x08840000, 0x08840000, 0x08c80000)
 tenured generation   total 87424K, used 38165K [0x110a0000, 0x16600000, 0x26600000)
   the space 87424K,  43% used [0x110a0000, 0x135e55b0, 0x135e5600, 0x16600000)
 Metaspace       used 19691K, capacity 20372K, committed 22144K, reserved 22912K
Event: 981.778 GC heap after
Heap after GC invocations=222 (full 3):
 def new generation   total 39424K, used 917K [0x06600000, 0x090c0000, 0x110a0000)
  eden space 35072K,   0% used [0x06600000, 0x06600000, 0x08840000)
  from space 4352K,  21% used [0x08840000, 0x08925610, 0x08c80000)
  to   space 4352K,   0% used [0x08c80000, 0x08c80000, 0x090c0000)
 tenured generation   total 87424K, used 46092K [0x110a0000, 0x16600000, 0x26600000)
   the space 87424K,  52% used [0x110a0000, 0x13da33c0, 0x13da3400, 0x16600000)
 Metaspace       used 19691K, capacity 20372K, committed 22144K, reserved 22912K
}
Event: 1064.575 GC heap before
{Heap before GC invocations=222 (full 3):
 def new generation   total 39424K, used 29339K [0x06600000, 0x090c0000, 0x110a0000)
  eden space 35072K,  81% used [0x06600000, 0x081c1738, 0x08840000)
  from space 4352K,  21% used [0x08840000, 0x08925610, 0x08c80000)
  to   space 4352K,   0% used [0x08c80000, 0x08c80000, 0x090c0000)
 tenured generation   total 87424K, used 46092K [0x110a0000, 0x16600000, 0x26600000)
   the space 87424K,  52% used [0x110a0000, 0x13da33c0, 0x13da3400, 0x16600000)
 Metaspace       used 19691K, capacity 20372K, committed 22144K, reserved 22912K
Event: 1064.577 GC heap after
Heap after GC invocations=223 (full 3):
 def new generation   total 39424K, used 972K [0x06600000, 0x090c0000, 0x110a0000)
  eden space 35072K,   0% used [0x06600000, 0x06600000, 0x08840000)
  from space 4352K,  22% used [0x08c80000, 0x08d73158, 0x090c0000)
  to   space 4352K,   0% used [0x08840000, 0x08840000, 0x08c80000)
 tenured generation   total 87424K, used 46092K [0x110a0000, 0x16600000, 0x26600000)
   the space 87424K,  52% used [0x110a0000, 0x13da33c0, 0x13da3400, 0x16600000)
 Metaspace       used 19691K, capacity 20372K, committed 22144K, reserved 22912K
}

